<?xml version="1.0" encoding="UTF-8"?>
<!-- Generated by org.testng.reporters.JUnitReportReporter -->
<testsuite hostname="CDHL-5CD146N29R" failures="0" tests="1" name="practicePackage.AppTour" time="49.876" errors="0" timestamp="2025-08-06T15:31:13 IST" skipped="0">
  <testcase classname="practicePackage.AppTour" name="homePageAppTour" time="49.876"/>
</testsuite> <!-- practicePackage.AppTour -->
