<?xml version="1.0" encoding="UTF-8"?>
<!-- Generated by org.testng.reporters.JUnitReportReporter -->
<testsuite hostname="CDHL-5CD146N29R" failures="0" tests="1" name="trialPackage.TrailPracticeTest" time="19.957" errors="0" timestamp="2025-08-06T15:12:15 IST" skipped="0">
  <testcase classname="trialPackage.TrailPracticeTest" name="loginToAppTest" time="19.957"/>
</testsuite> <!-- trialPackage.TrailPracticeTest -->
