<?xml version="1.0" encoding="UTF-8"?>
<!-- Generated by org.testng.reporters.JUnitReportReporter -->
<testsuite hostname="CDHL-5CD146N29R" failures="0" tests="2" name="practicePackage.QuickLinksTest" time="51.719" errors="0" timestamp="2025-08-07T15:48:13 IST" skipped="0">
  <testcase classname="practicePackage.QuickLinksTest" name="healthReport_trackVitalTest" time="30.499"/>
  <testcase classname="practicePackage.QuickLinksTest" name="healthRecords" time="21.220"/>
</testsuite> <!-- practicePackage.QuickLinksTest -->
