<?xml version="1.0" encoding="UTF-8"?>
<!-- Generated by org.testng.reporters.JUnitReportReporter -->
<testsuite hostname="CDHL-5CD146N29R" failures="0" tests="1" name="practicePackage.ProfileUpdateTest" time="31.193" errors="0" timestamp="2025-08-29T14:13:02 IST" skipped="0">
  <testcase classname="practicePackage.ProfileUpdateTest" name="profileUpdateTest" time="31.193"/>
</testsuite> <!-- practicePackage.ProfileUpdateTest -->
