<?xml version="1.0" encoding="UTF-8"?>
<!-- Generated by org.testng.reporters.JUnitReportReporter -->
<testsuite hostname="CDHL-5CD146N29R" failures="0" tests="1" name="practicePackage.AppLoginTest" time="23.970" errors="0" timestamp="2025-08-06T15:47:48 IST" skipped="0">
  <testcase classname="practicePackage.AppLoginTest" name="loginTest" time="23.970"/>
</testsuite> <!-- practicePackage.AppLoginTest -->
