<?xml version="1.0" encoding="UTF-8"?>
<!-- Generated by org.testng.reporters.JUnitReportReporter -->
<testsuite hostname="CDHL-5CD146N29R" failures="0" tests="1" name="practicePackage.ProfileUpdateTest" time="30.690" errors="0" timestamp="2025-08-06T16:31:19 IST" skipped="0">
  <testcase classname="practicePackage.ProfileUpdateTest" name="profileUpdateTest" time="30.690"/>
</testsuite> <!-- practicePackage.ProfileUpdateTest -->
