<?xml version="1.0" encoding="UTF-8"?>
<!-- Generated by org.testng.reporters.JUnitReportReporter -->
<testsuite hostname="CDHL-5CD146N29R" failures="0" tests="1" name="practicePackage.AppRegister_SomeOneElseTest" time="10.696" errors="0" timestamp="2025-09-02T16:23:56 IST" skipped="0">
  <testcase classname="practicePackage.AppRegister_SomeOneElseTest" name="detailsStep3" time="10.696"/>
</testsuite> <!-- practicePackage.AppRegister_SomeOneElseTest -->
