<?xml version="1.0" encoding="UTF-8"?>
<!-- Generated by org.testng.reporters.JUnitReportReporter -->
<testsuite hostname="CDHL-5CD146N29R" failures="0" tests="1" name="practicePackage.AddReminderTest" time="38.945" errors="0" timestamp="2025-08-07T14:32:36 IST" skipped="0">
  <testcase classname="practicePackage.AddReminderTest" name="addReminderTest" time="38.945"/>
</testsuite> <!-- practicePackage.AddReminderTest -->
