<?xml version="1.0" encoding="UTF-8"?>
<!-- Generated by org.testng.reporters.JUnitReportReporter -->
<testsuite hostname="CDHL-5CD146N29R" failures="0" tests="1" name="practicePackage.UCAPQuestionarier" time="30.940" errors="0" timestamp="2025-08-04T11:21:00 IST" skipped="0">
  <testcase classname="practicePackage.UCAPQuestionarier" name="UCAPQuestionarierTest" time="30.940"/>
</testsuite> <!-- practicePackage.UCAPQuestionarier -->
