<?xml version="1.0" encoding="UTF-8"?>
<!-- Generated by org.testng.reporters.JUnitReportReporter -->
<testsuite hostname="CDHL-5CD146N29R" failures="0" tests="1" name="practicePackage.FTUXComplete" time="143.497" errors="0" timestamp="2025-08-05T12:53:29 IST" skipped="0">
  <testcase classname="practicePackage.FTUXComplete" name="ftuxCompleted" time="143.497"/>
</testsuite> <!-- practicePackage.FTUXComplete -->
