<?xml version="1.0" encoding="UTF-8"?>
<!-- Generated by org.testng.reporters.JUnitReportReporter -->
<testsuite hostname="CDHL-5CD146N29R" failures="0" tests="4" name="practicePackage.AppLogin" time="42.006" errors="0" timestamp="2025-08-05T12:36:48 IST" skipped="0">
  <testcase classname="practicePackage.AppLogin" name="detailsStep1" time="22.483"/>
  <testcase classname="practicePackage.AppLogin" name="detailsStep3" time="5.480"/>
  <testcase classname="practicePackage.AppLogin" name="detailsStep2" time="9.345"/>
  <testcase classname="practicePackage.AppLogin" name="skipFTUX" time="4.698"/>
</testsuite> <!-- practicePackage.AppLogin -->
